<?xml version="1.0" encoding="UTF-8"?>
<testng-results skipped="0" failed="0" ignored="0" total="3" passed="3">
  <reporter-output>
  </reporter-output>
  <suite name="Default suite" duration-ms="33" started-at="2021-09-22T13:57:47 IST" finished-at="2021-09-22T13:57:47 IST">
    <groups>
    </groups>
    <test name="Default test" duration-ms="33" started-at="2021-09-22T13:57:47 IST" finished-at="2021-09-22T13:57:47 IST">
      <class name="com.comcast.createOrg.CreateContectTest">
        <test-method status="PASS" signature="creatContectTest()[pri:0, instance:com.comcast.createOrg.CreateContectTest@27a5f880]" name="creatContectTest" duration-ms="6" started-at="2021-09-22T13:57:47 IST" finished-at="2021-09-22T13:57:47 IST">
          <reporter-output>
          </reporter-output>
        </test-method> <!-- creatContectTest -->
        <test-method status="PASS" signature="creatContectWithOrgTest()[pri:0, instance:com.comcast.createOrg.CreateContectTest@27a5f880]" name="creatContectWithOrgTest" duration-ms="1" started-at="2021-09-22T13:57:47 IST" finished-at="2021-09-22T13:57:47 IST">
          <reporter-output>
          </reporter-output>
        </test-method> <!-- creatContectWithOrgTest -->
        <test-method status="PASS" signature="deleatContectTest()[pri:0, instance:com.comcast.createOrg.CreateContectTest@27a5f880]" name="deleatContectTest" duration-ms="1" started-at="2021-09-22T13:57:47 IST" finished-at="2021-09-22T13:57:47 IST">
          <reporter-output>
          </reporter-output>
        </test-method> <!-- deleatContectTest -->
      </class> <!-- com.comcast.createOrg.CreateContectTest -->
    </test> <!-- Default test -->
  </suite> <!-- Default suite -->
</testng-results>
