<?xml version="1.0" encoding="UTF-8"?>
<!-- Generated by org.testng.reporters.JUnitXMLReporter -->
<testsuite hostname="DESKTOP-3CN6814" ignored="0" name="Default test" tests="3" failures="0" timestamp="2021-09-22T13:57:47 IST" time="0.033" errors="0">
  <testcase name="creatContectTest" time="0.006" classname="com.comcast.createOrg.CreateContectTest"/>
  <testcase name="creatContectWithOrgTest" time="0.001" classname="com.comcast.createOrg.CreateContectTest"/>
  <testcase name="deleatContectTest" time="0.001" classname="com.comcast.createOrg.CreateContectTest"/>
</testsuite> <!-- Default test -->
