<?xml version="1.0" encoding="UTF-8"?>
<!-- Generated by org.testng.reporters.JUnitXMLReporter -->
<testsuite ignored="3" hostname="DESKTOP-3CN6814" failures="0" tests="4" name="Test" time="0.055" errors="0" timestamp="2021-09-23T15:24:38 IST">
  <testcase classname="com.comcast.createOrg.CreateContectTest" name="deleatContectTest" time="0.007"/>
  <testcase classname="com.comcast.createOrg.CreateContectTest" name="serchContectTest" time="0.001"/>
  <testcase classname="com.comcast.orgTest.OrgTest" name="creatContectOrgTest" time="0.001"/>
  <testcase classname="com.comcast.orgTest.OrgTest" name="deleatOrgTest" time="0.001"/>
  <testcase classname="com.comcast.createOrg.CreateContectTest" name="creatContectWithOrgTest" time="0.0">
    <ignored/>
  </testcase> <!-- creatContectWithOrgTest -->
  <testcase classname="com.comcast.orgTest.OrgTest" name="creatOrgTest" time="0.0">
    <ignored/>
  </testcase> <!-- creatOrgTest -->
  <testcase classname="com.comcast.createOrg.CreateContectTest" name="creatContectTest" time="0.0">
    <ignored/>
  </testcase> <!-- creatContectTest -->
</testsuite> <!-- Test -->
